<html>
<head>
<title>TestNG:  Test_Negative</title>
<link href="../testng.css" rel="stylesheet" type="text/css" />
<link href="../my-testng.css" rel="stylesheet" type="text/css" />

<style type="text/css">
.log { display: none;} 
.stack-trace { display: none;} 
</style>
<script type="text/javascript">
<!--
function flip(e) {
  current = e.style.display;
  if (current == 'block') {
    e.style.display = 'none';
    return 0;
  }
  else {
    e.style.display = 'block';
    return 1;
  }
}

function toggleBox(szDivId, elem, msg1, msg2)
{
  var res = -1;  if (document.getElementById) {
    res = flip(document.getElementById(szDivId));
  }
  else if (document.all) {
    // this is the way old msie versions work
    res = flip(document.all[szDivId]);
  }
  if(elem) {
    if(res == 0) elem.innerHTML = msg1; else elem.innerHTML = msg2;
  }

}

function toggleAllBoxes() {
  if (document.getElementsByTagName) {
    d = document.getElementsByTagName('div');
    for (i = 0; i < d.length; i++) {
      if (d[i].className == 'log') {
        flip(d[i]);
      }
    }
  }
}

// -->
</script>

</head>
<body>
<h2 align='center'>Test_Negative</h2><table border='1' align="center">
<tr>
<td>Tests passed/Failed/Skipped:</td><td>0/0/7</td>
</tr><tr>
<td>Started on:</td><td>Sun Jul 21 23:53:45 IST 2024</td>
</tr>
<tr><td>Total time:</td><td>25 seconds (25159 ms)</td>
</tr><tr>
<td>Included groups:</td><td></td>
</tr><tr>
<td>Excluded groups:</td><td></td>
</tr>
</table><p/>
<small><i>(Hover the method name to see the test class name)</i></small><p/>
<table width='100%' border='1' class='invocation-failed'>
<tr><td colspan='4' align='center'><b>FAILED CONFIGURATIONS</b></td></tr>
<tr><td><b>Test method</b></td>
<td width="30%"><b>Exception</b></td>
<td width="10%"><b>Time (seconds)</b></td>
<td><b>Instance</b></td>
</tr>
<tr>
<td title='qafactory.swaglabs.testCases.NegativeTestCases.launchSite()'><b>launchSite</b><br>Test class: qafactory.swaglabs.testCases.NegativeTestCases</td>
<td><div><pre>org.openqa.selenium.NoSuchElementException: no such element: Unable to locate element: {&quot;method&quot;:&quot;xpath&quot;,&quot;selector&quot;:&quot;//*[@id=&quot;user-name&quot;]&quot;}
  (Session info: MicrosoftEdge=126.0.2592.113)
For documentation on this error, please visit: https://www.selenium.dev/documentation/webdriver/troubleshooting/errors#no-such-element-exception
Build info: version: &apos;4.20.0&apos;, revision: &apos;866c76ca80&apos;
System info: os.name: &apos;Windows 10&apos;, os.arch: &apos;amd64&apos;, os.version: &apos;10.0&apos;, java.version: &apos;11.0.10&apos;
Driver info: org.openqa.selenium.edge.EdgeDriver
Command: [08188083a19aa9ba19c61fbda4eca22d, findElement {using=xpath, value=//*[@id=&quot;user-name&quot;]}]
Capabilities {acceptInsecureCerts: false, browserName: MicrosoftEdge, browserVersion: 126.0.2592.113, fedcm:accounts: true, ms:edgeOptions: {debuggerAddress: localhost:65153}, msedge: {msedgedriverVersion: 126.0.2592.113 (088a59f7406..., userDataDir: C:\Users\91895\AppData\Loca...}, networkConnectionEnabled: false, pageLoadStrategy: normal, platformName: windows, proxy: Proxy(), se:cdp: ws://localhost:65153/devtoo..., se:cdpVersion: 126.0.2592.113, setWindowRect: true, strictFileInteractability: false, timeouts: {implicit: 0, pageLoad: 300000, script: 30000}, unhandledPromptBehavior: dismiss and notify, webauthn:extension:credBlob: true, webauthn:extension:largeBlob: true, webauthn:extension:minPinLength: true, webauthn:extension:prf: true, webauthn:virtualAuthenticators: true}
Session ID: 08188083a19aa9ba19c61fbda4eca22d
	at org.openqa.selenium.remote.ErrorCodec.decode(ErrorCodec.java:167)
	at org.openqa.selenium.remote.codec.w3c.W3CHttpResponseCodec.decode(W3CHttpResponseCodec.java:138)
	at org.openqa.selenium.remote.codec.w3c.W3CHttpResponseCodec.decode(W3CHttpResponseCodec.java:50)
	at org.openqa.selenium.remote.HttpCommandExecutor.execute(HttpCommandExecutor.java:190)
	at org.openqa.selenium.remote.service.DriverCommandExecutor.invokeExecute(DriverCommandExecutor.java:216)
	at org.openqa.selenium.remote.service.DriverCommandExecutor.execute(DriverCommandExecutor.java:174)
	at org.openqa.selenium.remote.RemoteWebDriver.execute(RemoteWebDriver.java:518)
	at org.openqa.selenium.remote.ElementLocation$ElementFinder$2.findElement(ElementLocation.java:165)
	at org.openqa.selenium.remote.ElementLocation.findElement(ElementLocation.java:59)
	at org.openqa.selenium.remote.RemoteWebDriver.findElement(RemoteWebDriver.java:355)
	at org.openqa.selenium.remote.RemoteWebDriver.findElement(RemoteWebDriver.java:349)
	at org.openqa.selenium.support.pagefactory.DefaultElementLocator.findElement(DefaultElementLocator.java:68)
	at org.openqa.selenium.support.pagefactory.internal.LocatingElementHandler.invoke(LocatingElementHandler.java:38)
	at com.sun.proxy.$Proxy14.sendKeys(Unknown Source)
	at qafactory.swaglabs.pageObjects.LoginPage.setUsername(LoginPage.java:39)
	at qafactory.swaglabs.testCases.BaseClass.launchSite(BaseClass.java:66)
	at java.base/java.util.concurrent.FutureTask.run(FutureTask.java:264)
	at java.base/java.util.concurrent.ThreadPoolExecutor.runWorker(ThreadPoolExecutor.java:1128)
	at java.base/java.util.concurrent.ThreadPoolExecutor$Worker.run(ThreadPoolExecutor.java:628)
	at java.base/java.lang.Thread.run(Thread.java:834)
... Removed 22 stack frames</pre></div><a href='#' onClick='toggleBox("stack-trace1201382568", this, "Click to show all stack frames", "Click to hide stack frames")'>Click to show all stack frames</a>
<div class='stack-trace' id='stack-trace1201382568'><pre>org.openqa.selenium.NoSuchElementException: no such element: Unable to locate element: {&quot;method&quot;:&quot;xpath&quot;,&quot;selector&quot;:&quot;//*[@id=&quot;user-name&quot;]&quot;}
  (Session info: MicrosoftEdge=126.0.2592.113)
For documentation on this error, please visit: https://www.selenium.dev/documentation/webdriver/troubleshooting/errors#no-such-element-exception
Build info: version: &apos;4.20.0&apos;, revision: &apos;866c76ca80&apos;
System info: os.name: &apos;Windows 10&apos;, os.arch: &apos;amd64&apos;, os.version: &apos;10.0&apos;, java.version: &apos;11.0.10&apos;
Driver info: org.openqa.selenium.edge.EdgeDriver
Command: [08188083a19aa9ba19c61fbda4eca22d, findElement {using=xpath, value=//*[@id=&quot;user-name&quot;]}]
Capabilities {acceptInsecureCerts: false, browserName: MicrosoftEdge, browserVersion: 126.0.2592.113, fedcm:accounts: true, ms:edgeOptions: {debuggerAddress: localhost:65153}, msedge: {msedgedriverVersion: 126.0.2592.113 (088a59f7406..., userDataDir: C:\Users\91895\AppData\Loca...}, networkConnectionEnabled: false, pageLoadStrategy: normal, platformName: windows, proxy: Proxy(), se:cdp: ws://localhost:65153/devtoo..., se:cdpVersion: 126.0.2592.113, setWindowRect: true, strictFileInteractability: false, timeouts: {implicit: 0, pageLoad: 300000, script: 30000}, unhandledPromptBehavior: dismiss and notify, webauthn:extension:credBlob: true, webauthn:extension:largeBlob: true, webauthn:extension:minPinLength: true, webauthn:extension:prf: true, webauthn:virtualAuthenticators: true}
Session ID: 08188083a19aa9ba19c61fbda4eca22d
	at java.base/jdk.internal.reflect.NativeConstructorAccessorImpl.newInstance0(Native Method)
	at java.base/jdk.internal.reflect.NativeConstructorAccessorImpl.newInstance(NativeConstructorAccessorImpl.java:62)
	at java.base/jdk.internal.reflect.DelegatingConstructorAccessorImpl.newInstance(DelegatingConstructorAccessorImpl.java:45)
	at java.base/java.lang.reflect.Constructor.newInstance(Constructor.java:490)
	at org.openqa.selenium.remote.ErrorCodec.decode(ErrorCodec.java:167)
	at org.openqa.selenium.remote.codec.w3c.W3CHttpResponseCodec.decode(W3CHttpResponseCodec.java:138)
	at org.openqa.selenium.remote.codec.w3c.W3CHttpResponseCodec.decode(W3CHttpResponseCodec.java:50)
	at org.openqa.selenium.remote.HttpCommandExecutor.execute(HttpCommandExecutor.java:190)
	at org.openqa.selenium.remote.service.DriverCommandExecutor.invokeExecute(DriverCommandExecutor.java:216)
	at org.openqa.selenium.remote.service.DriverCommandExecutor.execute(DriverCommandExecutor.java:174)
	at org.openqa.selenium.remote.RemoteWebDriver.execute(RemoteWebDriver.java:518)
	at org.openqa.selenium.remote.ElementLocation$ElementFinder$2.findElement(ElementLocation.java:165)
	at org.openqa.selenium.remote.ElementLocation.findElement(ElementLocation.java:59)
	at org.openqa.selenium.remote.RemoteWebDriver.findElement(RemoteWebDriver.java:355)
	at org.openqa.selenium.remote.RemoteWebDriver.findElement(RemoteWebDriver.java:349)
	at org.openqa.selenium.support.pagefactory.DefaultElementLocator.findElement(DefaultElementLocator.java:68)
	at org.openqa.selenium.support.pagefactory.internal.LocatingElementHandler.invoke(LocatingElementHandler.java:38)
	at com.sun.proxy.$Proxy14.sendKeys(Unknown Source)
	at qafactory.swaglabs.pageObjects.LoginPage.setUsername(LoginPage.java:39)
	at qafactory.swaglabs.testCases.BaseClass.launchSite(BaseClass.java:66)
	at java.base/jdk.internal.reflect.NativeMethodAccessorImpl.invoke0(Native Method)
	at java.base/jdk.internal.reflect.NativeMethodAccessorImpl.invoke(NativeMethodAccessorImpl.java:62)
	at java.base/jdk.internal.reflect.DelegatingMethodAccessorImpl.invoke(DelegatingMethodAccessorImpl.java:43)
	at java.base/java.lang.reflect.Method.invoke(Method.java:566)
	at org.testng.internal.MethodInvocationHelper.invokeMethod(MethodInvocationHelper.java:100)
	at org.testng.internal.Invoker.invokeConfigurationMethod(Invoker.java:515)
	at org.testng.internal.Invoker.invokeConfigurations(Invoker.java:216)
	at org.testng.internal.Invoker.invokeMethod(Invoker.java:590)
	at org.testng.internal.Invoker.invokeTestMethod(Invoker.java:811)
	at org.testng.internal.Invoker.invokeTestMethods(Invoker.java:1129)
	at org.testng.internal.TestMethodWorker.invokeTestMethods(TestMethodWorker.java:129)
	at org.testng.internal.TestMethodWorker.run(TestMethodWorker.java:112)
	at org.testng.TestRunner.privateRun(TestRunner.java:746)
	at org.testng.TestRunner.run(TestRunner.java:600)
	at org.testng.SuiteRunner.runTest(SuiteRunner.java:366)
	at org.testng.SuiteRunner.access$000(SuiteRunner.java:39)
	at org.testng.SuiteRunner$SuiteWorker.run(SuiteRunner.java:400)
	at org.testng.internal.thread.ThreadUtil$2.call(ThreadUtil.java:64)
	at java.base/java.util.concurrent.FutureTask.run(FutureTask.java:264)
	at java.base/java.util.concurrent.ThreadPoolExecutor.runWorker(ThreadPoolExecutor.java:1128)
	at java.base/java.util.concurrent.ThreadPoolExecutor$Worker.run(ThreadPoolExecutor.java:628)
	at java.base/java.lang.Thread.run(Thread.java:834)
</pre></div></td>
<td>0</td>
<td>qafactory.swaglabs.testCases.NegativeTestCases@44a7bfbc</td></tr>
</table><p>
<table width='100%' border='1' class='invocation-skipped'>
<tr><td colspan='4' align='center'><b>SKIPPED CONFIGURATIONS</b></td></tr>
<tr><td><b>Test method</b></td>
<td width="30%"><b>Exception</b></td>
<td width="10%"><b>Time (seconds)</b></td>
<td><b>Instance</b></td>
</tr>
<tr>
<td title='qafactory.swaglabs.testCases.NegativeTestCases.launchSite()'><b>launchSite</b><br>Test class: qafactory.swaglabs.testCases.NegativeTestCases</td>
<td></td>
<td>0</td>
<td>qafactory.swaglabs.testCases.NegativeTestCases@44a7bfbc</td></tr>
<tr>
<td title='qafactory.swaglabs.testCases.NegativeTestCases.launchSite()'><b>launchSite</b><br>Test class: qafactory.swaglabs.testCases.NegativeTestCases</td>
<td></td>
<td>0</td>
<td>qafactory.swaglabs.testCases.NegativeTestCases@44a7bfbc</td></tr>
<tr>
<td title='qafactory.swaglabs.testCases.NegativeTestCases.launchSite()'><b>launchSite</b><br>Test class: qafactory.swaglabs.testCases.NegativeTestCases</td>
<td></td>
<td>0</td>
<td>qafactory.swaglabs.testCases.NegativeTestCases@44a7bfbc</td></tr>
<tr>
<td title='qafactory.swaglabs.testCases.NegativeTestCases.launchSite()'><b>launchSite</b><br>Test class: qafactory.swaglabs.testCases.NegativeTestCases</td>
<td></td>
<td>0</td>
<td>qafactory.swaglabs.testCases.NegativeTestCases@44a7bfbc</td></tr>
<tr>
<td title='qafactory.swaglabs.testCases.NegativeTestCases.launchSite()'><b>launchSite</b><br>Test class: qafactory.swaglabs.testCases.NegativeTestCases</td>
<td></td>
<td>0</td>
<td>qafactory.swaglabs.testCases.NegativeTestCases@44a7bfbc</td></tr>
<tr>
<td title='qafactory.swaglabs.testCases.NegativeTestCases.launchSite()'><b>launchSite</b><br>Test class: qafactory.swaglabs.testCases.NegativeTestCases</td>
<td></td>
<td>0</td>
<td>qafactory.swaglabs.testCases.NegativeTestCases@44a7bfbc</td></tr>
<tr>
<td title='qafactory.swaglabs.testCases.NegativeTestCases.tearDown()'><b>tearDown</b><br>Test class: qafactory.swaglabs.testCases.NegativeTestCases</td>
<td></td>
<td>0</td>
<td>qafactory.swaglabs.testCases.NegativeTestCases@44a7bfbc</td></tr>
</table><p>
<table width='100%' border='1' class='invocation-skipped'>
<tr><td colspan='4' align='center'><b>SKIPPED TESTS</b></td></tr>
<tr><td><b>Test method</b></td>
<td width="30%"><b>Exception</b></td>
<td width="10%"><b>Time (seconds)</b></td>
<td><b>Instance</b></td>
</tr>
<tr>
<td title='qafactory.swaglabs.testCases.NegativeTestCases.TC01_Validate_Invalid_Username()'><b>TC01_Validate_Invalid_Username</b><br>Test class: qafactory.swaglabs.testCases.NegativeTestCases</td>
<td></td>
<td>0</td>
<td>qafactory.swaglabs.testCases.NegativeTestCases@44a7bfbc</td></tr>
<tr>
<td title='qafactory.swaglabs.testCases.NegativeTestCases.TC02_Validate_Invalid_Password()'><b>TC02_Validate_Invalid_Password</b><br>Test class: qafactory.swaglabs.testCases.NegativeTestCases</td>
<td></td>
<td>0</td>
<td>qafactory.swaglabs.testCases.NegativeTestCases@44a7bfbc</td></tr>
<tr>
<td title='qafactory.swaglabs.testCases.NegativeTestCases.TC03_Validate_Invalid_Username_and_Password()'><b>TC03_Validate_Invalid_Username_and_Password</b><br>Test class: qafactory.swaglabs.testCases.NegativeTestCases</td>
<td></td>
<td>0</td>
<td>qafactory.swaglabs.testCases.NegativeTestCases@44a7bfbc</td></tr>
<tr>
<td title='qafactory.swaglabs.testCases.NegativeTestCases.TC04_Validate_Locked_Out_User()'><b>TC04_Validate_Locked_Out_User</b><br>Test class: qafactory.swaglabs.testCases.NegativeTestCases</td>
<td></td>
<td>0</td>
<td>qafactory.swaglabs.testCases.NegativeTestCases@44a7bfbc</td></tr>
<tr>
<td title='qafactory.swaglabs.testCases.NegativeTestCases.TC05_Validate_About()'><b>TC05_Validate_About</b><br>Test class: qafactory.swaglabs.testCases.NegativeTestCases</td>
<td></td>
<td>0</td>
<td>qafactory.swaglabs.testCases.NegativeTestCases@44a7bfbc</td></tr>
<tr>
<td title='qafactory.swaglabs.testCases.NegativeTestCases.TC06_Validate_Error_Message()'><b>TC06_Validate_Error_Message</b><br>Test class: qafactory.swaglabs.testCases.NegativeTestCases</td>
<td></td>
<td>0</td>
<td>qafactory.swaglabs.testCases.NegativeTestCases@44a7bfbc</td></tr>
<tr>
<td title='qafactory.swaglabs.testCases.NegativeTestCases.TC07_Validate_FirstName_Error_Message()'><b>TC07_Validate_FirstName_Error_Message</b><br>Test class: qafactory.swaglabs.testCases.NegativeTestCases</td>
<td></td>
<td>0</td>
<td>qafactory.swaglabs.testCases.NegativeTestCases@44a7bfbc</td></tr>
</table><p>
</body>
</html>