<?xml version="1.0" encoding="UTF-8"?>
<!-- Generated by org.testng.reporters.JUnitXMLReporter -->
<testsuite hostname="LAPTOP-IBVEUFH3" failures="0" tests="7" name="Test_Negative" time="25.159" errors="0" timestamp="21 Jul 2024 18:24:11 GMT">
  <testcase classname="qafactory.swaglabs.testCases.NegativeTestCases" name="@BeforeMethod launchSite" time="0.0">
    <failure type="org.openqa.selenium.NoSuchElementException" message="no such element: Unable to locate element: {&amp;quot;method&amp;quot;:&amp;quot;xpath&amp;quot;,&amp;quot;selector&amp;quot;:&amp;quot;//*[@id=&amp;quot;user-name&amp;quot;]&amp;quot;}
  (Session info: MicrosoftEdge=126.0.2592.113)
For documentation on this error, please visit: https://www.selenium.dev/documentation/webdriver/troubleshooting/errors#no-such-element-exception
Build info: version: &amp;apos;4.20.0&amp;apos;, revision: &amp;apos;866c76ca80&amp;apos;
System info: os.name: &amp;apos;Windows 10&amp;apos;, os.arch: &amp;apos;amd64&amp;apos;, os.version: &amp;apos;10.0&amp;apos;, java.version: &amp;apos;11.0.10&amp;apos;
Driver info: org.openqa.selenium.edge.EdgeDriver
Command: [08188083a19aa9ba19c61fbda4eca22d, findElement {using=xpath, value=//*[@id=&amp;quot;user-name&amp;quot;]}]
Capabilities {acceptInsecureCerts: false, browserName: MicrosoftEdge, browserVersion: 126.0.2592.113, fedcm:accounts: true, ms:edgeOptions: {debuggerAddress: localhost:65153}, msedge: {msedgedriverVersion: 126.0.2592.113 (088a59f7406..., userDataDir: C:\Users\91895\AppData\Loca...}, networkConnectionEnabled: false, pageLoadStrategy: normal, platformName: windows, proxy: Proxy(), se:cdp: ws://localhost:65153/devtoo..., se:cdpVersion: 126.0.2592.113, setWindowRect: true, strictFileInteractability: false, timeouts: {implicit: 0, pageLoad: 300000, script: 30000}, unhandledPromptBehavior: dismiss and notify, webauthn:extension:credBlob: true, webauthn:extension:largeBlob: true, webauthn:extension:minPinLength: true, webauthn:extension:prf: true, webauthn:virtualAuthenticators: true}
Session ID: 08188083a19aa9ba19c61fbda4eca22d">
      <![CDATA[org.openqa.selenium.NoSuchElementException: no such element: Unable to locate element: {"method":"xpath","selector":"//*[@id="user-name"]"}
  (Session info: MicrosoftEdge=126.0.2592.113)
For documentation on this error, please visit: https://www.selenium.dev/documentation/webdriver/troubleshooting/errors#no-such-element-exception
Build info: version: '4.20.0', revision: '866c76ca80'
System info: os.name: 'Windows 10', os.arch: 'amd64', os.version: '10.0', java.version: '11.0.10'
Driver info: org.openqa.selenium.edge.EdgeDriver
Command: [08188083a19aa9ba19c61fbda4eca22d, findElement {using=xpath, value=//*[@id="user-name"]}]
Capabilities {acceptInsecureCerts: false, browserName: MicrosoftEdge, browserVersion: 126.0.2592.113, fedcm:accounts: true, ms:edgeOptions: {debuggerAddress: localhost:65153}, msedge: {msedgedriverVersion: 126.0.2592.113 (088a59f7406..., userDataDir: C:\Users\91895\AppData\Loca...}, networkConnectionEnabled: false, pageLoadStrategy: normal, platformName: windows, proxy: Proxy(), se:cdp: ws://localhost:65153/devtoo..., se:cdpVersion: 126.0.2592.113, setWindowRect: true, strictFileInteractability: false, timeouts: {implicit: 0, pageLoad: 300000, script: 30000}, unhandledPromptBehavior: dismiss and notify, webauthn:extension:credBlob: true, webauthn:extension:largeBlob: true, webauthn:extension:minPinLength: true, webauthn:extension:prf: true, webauthn:virtualAuthenticators: true}
Session ID: 08188083a19aa9ba19c61fbda4eca22d
	at org.openqa.selenium.remote.ErrorCodec.decode(ErrorCodec.java:167)
	at org.openqa.selenium.remote.codec.w3c.W3CHttpResponseCodec.decode(W3CHttpResponseCodec.java:138)
	at org.openqa.selenium.remote.codec.w3c.W3CHttpResponseCodec.decode(W3CHttpResponseCodec.java:50)
	at org.openqa.selenium.remote.HttpCommandExecutor.execute(HttpCommandExecutor.java:190)
	at org.openqa.selenium.remote.service.DriverCommandExecutor.invokeExecute(DriverCommandExecutor.java:216)
	at org.openqa.selenium.remote.service.DriverCommandExecutor.execute(DriverCommandExecutor.java:174)
	at org.openqa.selenium.remote.RemoteWebDriver.execute(RemoteWebDriver.java:518)
	at org.openqa.selenium.remote.ElementLocation$ElementFinder$2.findElement(ElementLocation.java:165)
	at org.openqa.selenium.remote.ElementLocation.findElement(ElementLocation.java:59)
	at org.openqa.selenium.remote.RemoteWebDriver.findElement(RemoteWebDriver.java:355)
	at org.openqa.selenium.remote.RemoteWebDriver.findElement(RemoteWebDriver.java:349)
	at org.openqa.selenium.support.pagefactory.DefaultElementLocator.findElement(DefaultElementLocator.java:68)
	at org.openqa.selenium.support.pagefactory.internal.LocatingElementHandler.invoke(LocatingElementHandler.java:38)
	at com.sun.proxy.$Proxy14.sendKeys(Unknown Source)
	at qafactory.swaglabs.pageObjects.LoginPage.setUsername(LoginPage.java:39)
	at qafactory.swaglabs.testCases.BaseClass.launchSite(BaseClass.java:66)
	at java.base/java.util.concurrent.FutureTask.run(FutureTask.java:264)
	at java.base/java.util.concurrent.ThreadPoolExecutor.runWorker(ThreadPoolExecutor.java:1128)
	at java.base/java.util.concurrent.ThreadPoolExecutor$Worker.run(ThreadPoolExecutor.java:628)
	at java.base/java.lang.Thread.run(Thread.java:834)
... Removed 22 stack frames]]>
    </failure>
  </testcase> <!-- @BeforeMethod launchSite -->
  <testcase classname="qafactory.swaglabs.testCases.NegativeTestCases" name="@BeforeMethod launchSite" time="0.0">
    <skipped/>
  </testcase> <!-- @BeforeMethod launchSite -->
  <testcase classname="qafactory.swaglabs.testCases.NegativeTestCases" name="@BeforeMethod launchSite" time="0.0">
    <skipped/>
  </testcase> <!-- @BeforeMethod launchSite -->
  <testcase classname="qafactory.swaglabs.testCases.NegativeTestCases" name="@BeforeMethod launchSite" time="0.0">
    <skipped/>
  </testcase> <!-- @BeforeMethod launchSite -->
  <testcase classname="qafactory.swaglabs.testCases.NegativeTestCases" name="@BeforeMethod launchSite" time="0.0">
    <skipped/>
  </testcase> <!-- @BeforeMethod launchSite -->
  <testcase classname="qafactory.swaglabs.testCases.NegativeTestCases" name="@BeforeMethod launchSite" time="0.0">
    <skipped/>
  </testcase> <!-- @BeforeMethod launchSite -->
  <testcase classname="qafactory.swaglabs.testCases.NegativeTestCases" name="@BeforeMethod launchSite" time="0.0">
    <skipped/>
  </testcase> <!-- @BeforeMethod launchSite -->
  <testcase classname="qafactory.swaglabs.testCases.NegativeTestCases" name="@AfterClass tearDown" time="0.0">
    <skipped/>
  </testcase> <!-- @AfterClass tearDown -->
  <testcase classname="qafactory.swaglabs.testCases.NegativeTestCases" name="TC01_Validate_Invalid_Username" time="0.005">
    <skipped/>
  </testcase> <!-- TC01_Validate_Invalid_Username -->
  <testcase classname="qafactory.swaglabs.testCases.NegativeTestCases" name="TC02_Validate_Invalid_Password" time="0.002">
    <skipped/>
  </testcase> <!-- TC02_Validate_Invalid_Password -->
  <testcase classname="qafactory.swaglabs.testCases.NegativeTestCases" name="TC03_Validate_Invalid_Username_and_Password" time="0.004">
    <skipped/>
  </testcase> <!-- TC03_Validate_Invalid_Username_and_Password -->
  <testcase classname="qafactory.swaglabs.testCases.NegativeTestCases" name="TC04_Validate_Locked_Out_User" time="0.008">
    <skipped/>
  </testcase> <!-- TC04_Validate_Locked_Out_User -->
  <testcase classname="qafactory.swaglabs.testCases.NegativeTestCases" name="TC05_Validate_About" time="0.007">
    <skipped/>
  </testcase> <!-- TC05_Validate_About -->
  <testcase classname="qafactory.swaglabs.testCases.NegativeTestCases" name="TC06_Validate_Error_Message" time="0.008">
    <skipped/>
  </testcase> <!-- TC06_Validate_Error_Message -->
  <testcase classname="qafactory.swaglabs.testCases.NegativeTestCases" name="TC07_Validate_FirstName_Error_Message" time="0.005">
    <skipped/>
  </testcase> <!-- TC07_Validate_FirstName_Error_Message -->
</testsuite> <!-- Test_Negative -->
